<?xml version="1.0" encoding="utf-8"?><testsuites name="pytest tests"><testsuite name="pytest" errors="0" failures="0" skipped="0" tests="6" time="4.091" timestamp="2026-08-29T06:18:22.193655+00:00" hostname="agent-env-2a8778c9-159f-4f92-b7cc-8ab29534b45c"><testcase classname="tests.test_gamelife_api" name="test_root" time="0.310" /><testcase classname="tests.test_gamelife_api" name="test_search_zelda_shape" time="2.945" /><testcase classname="tests.test_gamelife_api" name="test_search_empty_query_rejected" time="0.041" /><testcase classname="tests.test_gamelife_api" name="test_product_zelda_live_then_cache" time="0.092" /><testcase classname="tests.test_gamelife_api" name="test_product_invalid_url_rejected" time="0.042" /><testcase classname="tests.test_gamelife_api" name="test_history_contains_zelda_then_clear_then_restore" time="0.334" /></testsuite></testsuites>