<?xml version="1.0" encoding="utf-8"?><testsuites name="pytest tests"><testsuite name="pytest" errors="0" failures="0" skipped="0" tests="5" time="11.822" timestamp="2026-08-29T15:15:41.973529+00:00" hostname="agent-env-2a8778c9-159f-4f92-b7cc-8ab29534b45c"><testcase classname="tests.test_change_pw_flow" name="test_login_current_password_ok" time="0.529" /><testcase classname="tests.test_change_pw_flow" name="test_login_wrong_password_401" time="0.309" /><testcase classname="tests.test_change_pw_flow" name="test_search_requires_bearer" time="0.075" /><testcase classname="tests.test_change_pw_flow" name="test_search_with_bearer_ok" time="5.349" /><testcase classname="tests.test_change_pw_flow" name="test_full_change_password_cycle" time="5.453" /></testsuite></testsuites>